[debug] [2022-10-13T04:13:48.372Z] ----------------------------------------------------------------------
[debug] [2022-10-13T04:13:48.375Z] Command:       C:\Program Files\nodejs\node.exe C:\Users\alenc\AppData\Roaming\npm\node_modules\firebase-tools\lib\bin\firebase.js login
[debug] [2022-10-13T04:13:48.376Z] CLI Version:   11.14.2
[debug] [2022-10-13T04:13:48.376Z] Platform:      win32
[debug] [2022-10-13T04:13:48.376Z] Node Version:  v16.16.0
[debug] [2022-10-13T04:13:48.378Z] Time:          Thu Oct 13 2022 09:43:48 GMT+0530 (India Standard Time)
[debug] [2022-10-13T04:13:48.379Z] ----------------------------------------------------------------------
[debug] 
[debug] [2022-10-13T04:13:48.388Z] >>> [apiv2][query] GET https://firebase-public.firebaseio.com/cli.json [none]
[info] i  Firebase optionally collects CLI and Emulator Suite usage and error reporting information to help improve our products. Data is collected in accordance with Google's privacy policy (https://policies.google.com/privacy) and is not used to identify you.
 
[debug] [2022-10-13T04:13:49.546Z] <<< [apiv2][status] GET https://firebase-public.firebaseio.com/cli.json 200
[debug] [2022-10-13T04:13:49.547Z] <<< [apiv2][body] GET https://firebase-public.firebaseio.com/cli.json {"cloudBuildErrorAfter":1594252800000,"cloudBuildWarnAfter":1590019200000,"defaultNode10After":1594252800000,"minVersion":"3.0.5","node8DeploysDisabledAfter":1613390400000,"node8RuntimeDisabledAfter":1615809600000,"node8WarnAfter":1600128000000}
[info] i  To change your data collection preference at any time, run `firebase logout` and log in again. 
[info] 
[info] Visit this URL on this device to log in:
[info] https://accounts.google.com/o/oauth2/auth?client_id=563584335869-fgrhgmd47bqnekij5i8b5pr03ho849e6.apps.googleusercontent.com&scope=email%20openid%20https%3A%2F%2Fwww.googleapis.com%2Fauth%2Fcloudplatformprojects.readonly%20https%3A%2F%2Fwww.googleapis.com%2Fauth%2Ffirebase%20https%3A%2F%2Fwww.googleapis.com%2Fauth%2Fcloud-platform&response_type=code&state=619093339&redirect_uri=http%3A%2F%2Flocalhost%3A9005
[info] 
[info] Waiting for authentication...
[debug] [2022-10-13T04:13:57.595Z] Error: spawn cmd ENOENT
    at Process.ChildProcess._handle.onexit (node:internal/child_process:283:19)
    at onErrorNT (node:internal/child_process:478:16)
    at processTicksAndRejections (node:internal/process/task_queues:83:21)
[error] 
[error] Error: An unexpected error has occurred.
[debug] [2022-10-13T04:14:37.088Z] ----------------------------------------------------------------------
[debug] [2022-10-13T04:14:37.091Z] Command:       C:\Program Files\nodejs\node.exe C:\Users\alenc\AppData\Roaming\npm\node_modules\firebase-tools\lib\bin\firebase.js login
[debug] [2022-10-13T04:14:37.091Z] CLI Version:   11.14.2
[debug] [2022-10-13T04:14:37.092Z] Platform:      win32
[debug] [2022-10-13T04:14:37.092Z] Node Version:  v16.16.0
[debug] [2022-10-13T04:14:37.093Z] Time:          Thu Oct 13 2022 09:44:37 GMT+0530 (India Standard Time)
[debug] [2022-10-13T04:14:37.093Z] ----------------------------------------------------------------------
[debug] 
[info] i  Firebase optionally collects CLI and Emulator Suite usage and error reporting information to help improve our products. Data is collected in accordance with Google's privacy policy (https://policies.google.com/privacy) and is not used to identify you.
 
[info] i  To change your data collection preference at any time, run `firebase logout` and log in again. 
[info] 
[info] Visit this URL on this device to log in:
[info] https://accounts.google.com/o/oauth2/auth?client_id=563584335869-fgrhgmd47bqnekij5i8b5pr03ho849e6.apps.googleusercontent.com&scope=email%20openid%20https%3A%2F%2Fwww.googleapis.com%2Fauth%2Fcloudplatformprojects.readonly%20https%3A%2F%2Fwww.googleapis.com%2Fauth%2Ffirebase%20https%3A%2F%2Fwww.googleapis.com%2Fauth%2Fcloud-platform&response_type=code&state=784779633&redirect_uri=http%3A%2F%2Flocalhost%3A9005
[info] 
[info] Waiting for authentication...
[debug] [2022-10-13T04:14:47.984Z] Error: spawn cmd ENOENT
    at Process.ChildProcess._handle.onexit (node:internal/child_process:283:19)
    at onErrorNT (node:internal/child_process:478:16)
    at processTicksAndRejections (node:internal/process/task_queues:83:21)
[error] 
[error] Error: An unexpected error has occurred.
[debug] [2022-10-13T04:15:27.778Z] ----------------------------------------------------------------------
[debug] [2022-10-13T04:15:27.780Z] Command:       C:\Program Files\nodejs\node.exe C:\Users\alenc\AppData\Roaming\npm\node_modules\firebase-tools\lib\bin\firebase.js login
[debug] [2022-10-13T04:15:27.781Z] CLI Version:   11.14.2
[debug] [2022-10-13T04:15:27.781Z] Platform:      win32
[debug] [2022-10-13T04:15:27.781Z] Node Version:  v16.16.0
[debug] [2022-10-13T04:15:27.783Z] Time:          Thu Oct 13 2022 09:45:27 GMT+0530 (India Standard Time)
[debug] [2022-10-13T04:15:27.783Z] ----------------------------------------------------------------------
[debug] 
[info] i  Firebase optionally collects CLI and Emulator Suite usage and error reporting information to help improve our products. Data is collected in accordance with Google's privacy policy (https://policies.google.com/privacy) and is not used to identify you.
 
[info] i  To change your data collection preference at any time, run `firebase logout` and log in again. 
[info] 
[info] Visit this URL on this device to log in:
[info] https://accounts.google.com/o/oauth2/auth?client_id=563584335869-fgrhgmd47bqnekij5i8b5pr03ho849e6.apps.googleusercontent.com&scope=email%20openid%20https%3A%2F%2Fwww.googleapis.com%2Fauth%2Fcloudplatformprojects.readonly%20https%3A%2F%2Fwww.googleapis.com%2Fauth%2Ffirebase%20https%3A%2F%2Fwww.googleapis.com%2Fauth%2Fcloud-platform&response_type=code&state=282556583&redirect_uri=http%3A%2F%2Flocalhost%3A9005
[info] 
[info] Waiting for authentication...
[debug] [2022-10-13T04:15:30.391Z] Error: spawn cmd ENOENT
    at Process.ChildProcess._handle.onexit (node:internal/child_process:283:19)
    at onErrorNT (node:internal/child_process:478:16)
    at processTicksAndRejections (node:internal/process/task_queues:83:21)
[error] 
[error] Error: An unexpected error has occurred.
[debug] [2022-10-13T04:19:33.844Z] ----------------------------------------------------------------------
[debug] [2022-10-13T04:19:33.849Z] Command:       C:\Program Files\nodejs\node.exe C:\Users\alenc\AppData\Roaming\npm\node_modules\firebase-tools\lib\bin\firebase.js login
[debug] [2022-10-13T04:19:33.850Z] CLI Version:   11.14.2
[debug] [2022-10-13T04:19:33.850Z] Platform:      win32
[debug] [2022-10-13T04:19:33.851Z] Node Version:  v16.16.0
[debug] [2022-10-13T04:19:33.860Z] Time:          Thu Oct 13 2022 09:49:33 GMT+0530 (India Standard Time)
[debug] [2022-10-13T04:19:33.861Z] ----------------------------------------------------------------------
[debug] 
[info] i  Firebase optionally collects CLI and Emulator Suite usage and error reporting information to help improve our products. Data is collected in accordance with Google's privacy policy (https://policies.google.com/privacy) and is not used to identify you.
 
[info] i  To change your data collection preference at any time, run `firebase logout` and log in again. 
[info] 
[info] Visit this URL on this device to log in:
[info] https://accounts.google.com/o/oauth2/auth?client_id=563584335869-fgrhgmd47bqnekij5i8b5pr03ho849e6.apps.googleusercontent.com&scope=email%20openid%20https%3A%2F%2Fwww.googleapis.com%2Fauth%2Fcloudplatformprojects.readonly%20https%3A%2F%2Fwww.googleapis.com%2Fauth%2Ffirebase%20https%3A%2F%2Fwww.googleapis.com%2Fauth%2Fcloud-platform&response_type=code&state=1007618260&redirect_uri=http%3A%2F%2Flocalhost%3A9005
[info] 
[info] Waiting for authentication...
[debug] [2022-10-13T04:19:38.107Z] Error: spawn cmd ENOENT
    at Process.ChildProcess._handle.onexit (node:internal/child_process:283:19)
    at onErrorNT (node:internal/child_process:478:16)
    at processTicksAndRejections (node:internal/process/task_queues:83:21)
[error] 
[error] Error: An unexpected error has occurred.
[debug] [2022-10-13T04:20:21.004Z] ----------------------------------------------------------------------
[debug] [2022-10-13T04:20:21.006Z] Command:       C:\Program Files\nodejs\node.exe C:\Users\alenc\AppData\Roaming\npm\node_modules\firebase-tools\lib\bin\firebase.js login
[debug] [2022-10-13T04:20:21.007Z] CLI Version:   11.14.2
[debug] [2022-10-13T04:20:21.007Z] Platform:      win32
[debug] [2022-10-13T04:20:21.007Z] Node Version:  v16.16.0
[debug] [2022-10-13T04:20:21.009Z] Time:          Thu Oct 13 2022 09:50:21 GMT+0530 (India Standard Time)
[debug] [2022-10-13T04:20:21.009Z] ----------------------------------------------------------------------
[debug] 
[info] i  Firebase optionally collects CLI and Emulator Suite usage and error reporting information to help improve our products. Data is collected in accordance with Google's privacy policy (https://policies.google.com/privacy) and is not used to identify you.
 
[info] i  To change your data collection preference at any time, run `firebase logout` and log in again. 
[info] 
[info] Visit this URL on this device to log in:
[info] https://accounts.google.com/o/oauth2/auth?client_id=563584335869-fgrhgmd47bqnekij5i8b5pr03ho849e6.apps.googleusercontent.com&scope=email%20openid%20https%3A%2F%2Fwww.googleapis.com%2Fauth%2Fcloudplatformprojects.readonly%20https%3A%2F%2Fwww.googleapis.com%2Fauth%2Ffirebase%20https%3A%2F%2Fwww.googleapis.com%2Fauth%2Fcloud-platform&response_type=code&state=60683510&redirect_uri=http%3A%2F%2Flocalhost%3A9005
[info] 
[info] Waiting for authentication...
[debug] [2022-10-13T04:20:25.358Z] Error: spawn cmd ENOENT
    at Process.ChildProcess._handle.onexit (node:internal/child_process:283:19)
    at onErrorNT (node:internal/child_process:478:16)
    at processTicksAndRejections (node:internal/process/task_queues:83:21)
[error] 
[error] Error: An unexpected error has occurred.
[debug] [2022-10-13T04:20:47.943Z] ----------------------------------------------------------------------
[debug] [2022-10-13T04:20:47.946Z] Command:       C:\Program Files\nodejs\node.exe C:\Users\alenc\AppData\Roaming\npm\node_modules\firebase-tools\lib\bin\firebase.js login
[debug] [2022-10-13T04:20:47.946Z] CLI Version:   11.14.2
[debug] [2022-10-13T04:20:47.947Z] Platform:      win32
[debug] [2022-10-13T04:20:47.947Z] Node Version:  v16.16.0
[debug] [2022-10-13T04:20:47.948Z] Time:          Thu Oct 13 2022 09:50:47 GMT+0530 (India Standard Time)
[debug] [2022-10-13T04:20:47.948Z] ----------------------------------------------------------------------
[debug] 
[info] i  Firebase optionally collects CLI and Emulator Suite usage and error reporting information to help improve our products. Data is collected in accordance with Google's privacy policy (https://policies.google.com/privacy) and is not used to identify you.
 
[info] i  To change your data collection preference at any time, run `firebase logout` and log in again. 
[info] 
[info] Visit this URL on this device to log in:
[info] https://accounts.google.com/o/oauth2/auth?client_id=563584335869-fgrhgmd47bqnekij5i8b5pr03ho849e6.apps.googleusercontent.com&scope=email%20openid%20https%3A%2F%2Fwww.googleapis.com%2Fauth%2Fcloudplatformprojects.readonly%20https%3A%2F%2Fwww.googleapis.com%2Fauth%2Ffirebase%20https%3A%2F%2Fwww.googleapis.com%2Fauth%2Fcloud-platform&response_type=code&state=598546766&redirect_uri=http%3A%2F%2Flocalhost%3A9005
[info] 
[info] Waiting for authentication...
[debug] [2022-10-13T04:20:50.744Z] Error: spawn cmd ENOENT
    at Process.ChildProcess._handle.onexit (node:internal/child_process:283:19)
    at onErrorNT (node:internal/child_process:478:16)
    at processTicksAndRejections (node:internal/process/task_queues:83:21)
[error] 
[error] Error: An unexpected error has occurred.
[debug] [2022-10-13T04:26:56.512Z] ----------------------------------------------------------------------
[debug] [2022-10-13T04:26:56.514Z] Command:       C:\Program Files\nodejs\node.exe C:\Users\alenc\AppData\Roaming\npm\node_modules\firebase-tools\lib\bin\firebase.js login
[debug] [2022-10-13T04:26:56.515Z] CLI Version:   11.14.2
[debug] [2022-10-13T04:26:56.515Z] Platform:      win32
[debug] [2022-10-13T04:26:56.516Z] Node Version:  v16.16.0
[debug] [2022-10-13T04:26:56.517Z] Time:          Thu Oct 13 2022 09:56:56 GMT+0530 (India Standard Time)
[debug] [2022-10-13T04:26:56.517Z] ----------------------------------------------------------------------
[debug] 
[info] i  Firebase optionally collects CLI and Emulator Suite usage and error reporting information to help improve our products. Data is collected in accordance with Google's privacy policy (https://policies.google.com/privacy) and is not used to identify you.
 
[info] i  To change your data collection preference at any time, run `firebase logout` and log in again. 
[info] 
[info] Visit this URL on this device to log in:
[info] https://accounts.google.com/o/oauth2/auth?client_id=563584335869-fgrhgmd47bqnekij5i8b5pr03ho849e6.apps.googleusercontent.com&scope=email%20openid%20https%3A%2F%2Fwww.googleapis.com%2Fauth%2Fcloudplatformprojects.readonly%20https%3A%2F%2Fwww.googleapis.com%2Fauth%2Ffirebase%20https%3A%2F%2Fwww.googleapis.com%2Fauth%2Fcloud-platform&response_type=code&state=447836564&redirect_uri=http%3A%2F%2Flocalhost%3A9005
[info] 
[info] Waiting for authentication...
[debug] [2022-10-13T04:27:00.542Z] Error: spawn cmd ENOENT
    at Process.ChildProcess._handle.onexit (node:internal/child_process:283:19)
    at onErrorNT (node:internal/child_process:478:16)
    at processTicksAndRejections (node:internal/process/task_queues:83:21)
[error] 
[error] Error: An unexpected error has occurred.
